{"numFailedTestSuites":1,"numFailedTests":1,"numPassedTestSuites":19,"numPassedTests":56,"numPendingTestSuites":0,"numPendingTests":0,"numRuntimeErrorTestSuites":0,"numTodoTests":0,"numTotalTestSuites":20,"numTotalTests":57,"openHandles":[],"snapshot":{"added":0,"didUpdate":false,"failure":false,"filesAdded":0,"filesRemoved":0,"filesRemovedList":[],"filesUnmatched":0,"filesUpdated":0,"matched":0,"total":0,"unchecked":0,"uncheckedKeysByFile":[],"unmatched":0,"updated":0},"startTime":1777328937379,"success":false,"testResults":[{"assertionResults":[{"ancestorTitles":["MirrorAgent Node"],"duration":6,"failureDetails":[],"failureMessages":[],"fullName":"MirrorAgent Node debería refinar el prompt y detectar intenciones correctamente","invocations":1,"location":null,"numPassingAsserts":5,"retryReasons":[],"status":"passed","title":"debería refinar el prompt y detectar intenciones correctamente"},{"ancestorTitles":["MirrorAgent Node"],"duration":9,"failureDetails":[{"matcherResult":{"message":"expect(jest.fn()).toHaveBeenCalled()\n\nExpected number of calls: >= 1\nReceived number of calls:    0","pass":false}}],"failureMessages":["Error: expect(jest.fn()).toHaveBeenCalled()\n\nExpected number of calls: >= 1\nReceived number of calls:    0\n    at Object.<anonymous> (/Users/mauroociappina/Desktop/Agentes Personales/backend/src/tests/mirror_node.test.ts:98:24)"],"fullName":"MirrorAgent Node debería fallar si no hay mensaje humano en el historial","invocations":1,"location":null,"numPassingAsserts":1,"retryReasons":[],"status":"failed","title":"debería fallar si no hay mensaje humano en el historial"}],"endTime":1777328937915,"message":"  ● MirrorAgent Node › debería fallar si no hay mensaje humano en el historial\n\n    expect(jest.fn()).toHaveBeenCalled()\n\n    Expected number of calls: >= 1\n    Received number of calls:    0\n\n       96 |\n       97 |     expect(result.executive_summary).toContain('Error: No hay una instrucción humana');\n    >  98 |     expect(consoleSpy).toHaveBeenCalled();\n          |                        ^\n       99 |     consoleSpy.mockRestore();\n      100 |   });\n      101 | });\n\n      at Object.<anonymous> (src/tests/mirror_node.test.ts:98:24)\n","name":"/Users/mauroociappina/Desktop/Agentes Personales/backend/src/tests/mirror_node.test.ts","startTime":1777328937565,"status":"failed","summary":""},{"assertionResults":[{"ancestorTitles":["SoftwareChief Node Delegation"],"duration":14,"failureDetails":[],"failureMessages":[],"fullName":"SoftwareChief Node Delegation debe delegar al ResearchWorker cuando el razonamiento sugiere investigación","invocations":1,"location":null,"numPassingAsserts":4,"retryReasons":[],"status":"passed","title":"debe delegar al ResearchWorker cuando el razonamiento sugiere investigación"},{"ancestorTitles":["SoftwareChief Node Delegation"],"duration":1,"failureDetails":[],"failureMessages":[],"fullName":"SoftwareChief Node Delegation debe delegar al GitWorker con el payload correcto para crear una branch","invocations":1,"location":null,"numPassingAsserts":4,"retryReasons":[],"status":"passed","title":"debe delegar al GitWorker con el payload correcto para crear una branch"},{"ancestorTitles":["SoftwareChief Node Delegation"],"duration":1,"failureDetails":[],"failureMessages":[],"fullName":"SoftwareChief Node Delegation debe delegar al TestRunner con el payload correcto para validar calidad","invocations":1,"location":null,"numPassingAsserts":3,"retryReasons":[],"status":"passed","title":"debe delegar al TestRunner con el payload correcto para validar calidad"},{"ancestorTitles":["SoftwareChief Node Delegation"],"duration":1,"failureDetails":[],"failureMessages":[],"fullName":"SoftwareChief Node Delegation debe finalizar la misión cuando la decisión es \"complete\"","invocations":1,"location":null,"numPassingAsserts":3,"retryReasons":[],"status":"passed","title":"debe finalizar la misión cuando la decisión es \"complete\""}],"endTime":1777328938168,"message":"","name":"/Users/mauroociappina/Desktop/Agentes Personales/backend/src/tests/software_chief.test.ts","startTime":1777328937927,"status":"passed","summary":""},{"assertionResults":[{"ancestorTitles":["Business Chief Node"],"duration":7,"failureDetails":[],"failureMessages":[],"fullName":"Business Chief Node debe delegar a researcher cuando falta información","invocations":1,"location":null,"numPassingAsserts":4,"retryReasons":[],"status":"passed","title":"debe delegar a researcher cuando falta información"},{"ancestorTitles":["Business Chief Node"],"duration":0,"failureDetails":[],"failureMessages":[],"fullName":"Business Chief Node debe delegar a ai_engine para buscar leads","invocations":1,"location":null,"numPassingAsserts":3,"retryReasons":[],"status":"passed","title":"debe delegar a ai_engine para buscar leads"}],"endTime":1777328938346,"message":"","name":"/Users/mauroociappina/Desktop/Agentes Personales/backend/src/tests/business_chief.test.ts","startTime":1777328938173,"status":"passed","summary":""},{"assertionResults":[{"ancestorTitles":["CEO Agent Node"],"duration":3,"failureDetails":[],"failureMessages":[],"fullName":"CEO Agent Node debe actualizar el estado correctamente cuando el CEO decide delegar","invocations":1,"location":null,"numPassingAsserts":6,"retryReasons":[],"status":"passed","title":"debe actualizar el estado correctamente cuando el CEO decide delegar"},{"ancestorTitles":["CEO Agent Node"],"duration":2,"failureDetails":[],"failureMessages":[],"fullName":"CEO Agent Node debe devolver finish cuando no hay más tareas","invocations":1,"location":null,"numPassingAsserts":3,"retryReasons":[],"status":"passed","title":"debe devolver finish cuando no hay más tareas"}],"endTime":1777328938517,"message":"","name":"/Users/mauroociappina/Desktop/Agentes Personales/backend/src/tests/ceo_agent.test.ts","startTime":1777328938349,"status":"passed","summary":""},{"assertionResults":[{"ancestorTitles":["AduanaSentinel Node"],"duration":14,"failureDetails":[],"failureMessages":[],"fullName":"AduanaSentinel Node debería emitir SecurityAnalysisEvent cuando el prompt es limpio","invocations":1,"location":null,"numPassingAsserts":3,"retryReasons":[],"status":"passed","title":"debería emitir SecurityAnalysisEvent cuando el prompt es limpio"},{"ancestorTitles":["AduanaSentinel Node"],"duration":1,"failureDetails":[],"failureMessages":[],"fullName":"AduanaSentinel Node debería bloquear y emitir SecurityAnalysisEvent cuando se detecta inyección","invocations":1,"location":null,"numPassingAsserts":4,"retryReasons":[],"status":"passed","title":"debería bloquear y emitir SecurityAnalysisEvent cuando se detecta inyección"},{"ancestorTitles":["AduanaSentinel Node"],"duration":1,"failureDetails":[],"failureMessages":[],"fullName":"AduanaSentinel Node debería usar threadId \"unknown\" si trace_id no está presente","invocations":1,"location":null,"numPassingAsserts":1,"retryReasons":[],"status":"passed","title":"debería usar threadId \"unknown\" si trace_id no está presente"}],"endTime":1777328938666,"message":"","name":"/Users/mauroociappina/Desktop/Agentes Personales/backend/src/tests/aduana_sentinel_node.test.ts","startTime":1777328938530,"status":"passed","summary":""},{"assertionResults":[{"ancestorTitles":["Operations Chief Node"],"duration":4,"failureDetails":[],"failureMessages":[],"fullName":"Operations Chief Node debería delegar al worker para una tarea de monitoreo","invocations":1,"location":null,"numPassingAsserts":2,"retryReasons":[],"status":"passed","title":"debería delegar al worker para una tarea de monitoreo"},{"ancestorTitles":["Operations Chief Node"],"duration":1,"failureDetails":[],"failureMessages":[],"fullName":"Operations Chief Node debería volver al CEO si requiere aprobación","invocations":1,"location":null,"numPassingAsserts":1,"retryReasons":[],"status":"passed","title":"debería volver al CEO si requiere aprobación"}],"endTime":1777328938805,"message":"","name":"/Users/mauroociappina/Desktop/Agentes Personales/backend/src/tests/operations_chief.test.ts","startTime":1777328938671,"status":"passed","summary":""},{"assertionResults":[{"ancestorTitles":["CEO Node Routing"],"duration":3,"failureDetails":[],"failureMessages":[],"fullName":"CEO Node Routing debería delegar al Operations Chief para consultas de infraestructura","invocations":1,"location":null,"numPassingAsserts":1,"retryReasons":[],"status":"passed","title":"debería delegar al Operations Chief para consultas de infraestructura"}],"endTime":1777328938935,"message":"","name":"/Users/mauroociappina/Desktop/Agentes Personales/backend/src/tests/ceo_routing.test.ts","startTime":1777328938809,"status":"passed","summary":""},{"assertionResults":[{"ancestorTitles":["LLMFactory"],"duration":1,"failureDetails":[],"failureMessages":[],"fullName":"LLMFactory debe devolver el proveedor correcto para tareas \"smart\" basado en env","invocations":1,"location":null,"numPassingAsserts":1,"retryReasons":[],"status":"passed","title":"debe devolver el proveedor correcto para tareas \"smart\" basado en env"},{"ancestorTitles":["LLMFactory"],"duration":1,"failureDetails":[],"failureMessages":[],"fullName":"LLMFactory debe devolver el proveedor correcto para tareas \"fast\" basado en env","invocations":1,"location":null,"numPassingAsserts":1,"retryReasons":[],"status":"passed","title":"debe devolver el proveedor correcto para tareas \"fast\" basado en env"},{"ancestorTitles":["LLMFactory"],"duration":0,"failureDetails":[],"failureMessages":[],"fullName":"LLMFactory debe usar \"nvidia\" como default si no hay env configurado","invocations":1,"location":null,"numPassingAsserts":1,"retryReasons":[],"status":"passed","title":"debe usar \"nvidia\" como default si no hay env configurado"},{"ancestorTitles":["LLMFactory"],"duration":1,"failureDetails":[],"failureMessages":[],"fullName":"LLMFactory debe crear una instancia de ChatOpenAI cuando el proveedor es openai","invocations":1,"location":null,"numPassingAsserts":1,"retryReasons":[],"status":"passed","title":"debe crear una instancia de ChatOpenAI cuando el proveedor es openai"},{"ancestorTitles":["LLMFactory"],"duration":0,"failureDetails":[],"failureMessages":[],"fullName":"LLMFactory debe crear una instancia de ChatAnthropic cuando el proveedor es anthropic","invocations":1,"location":null,"numPassingAsserts":1,"retryReasons":[],"status":"passed","title":"debe crear una instancia de ChatAnthropic cuando el proveedor es anthropic"},{"ancestorTitles":["LLMFactory"],"duration":1,"failureDetails":[],"failureMessages":[],"fullName":"LLMFactory debe crear una instancia de ChatGroq cuando el proveedor es groq","invocations":1,"location":null,"numPassingAsserts":1,"retryReasons":[],"status":"passed","title":"debe crear una instancia de ChatGroq cuando el proveedor es groq"},{"ancestorTitles":["LLMFactory"],"duration":0,"failureDetails":[],"failureMessages":[],"fullName":"LLMFactory debe crear una instancia de ChatGoogleGenerativeAI cuando el proveedor es google","invocations":1,"location":null,"numPassingAsserts":1,"retryReasons":[],"status":"passed","title":"debe crear una instancia de ChatGoogleGenerativeAI cuando el proveedor es google"}],"endTime":1777328939057,"message":"","name":"/Users/mauroociappina/Desktop/Agentes Personales/backend/src/tests/llm_factory.test.ts","startTime":1777328938938,"status":"passed","summary":""},{"assertionResults":[{"ancestorTitles":["Test Runner Node"],"duration":3,"failureDetails":[],"failureMessages":[],"fullName":"Test Runner Node debería ejecutar tests exitosamente y devolver reporte de éxito","invocations":1,"location":null,"numPassingAsserts":3,"retryReasons":[],"status":"passed","title":"debería ejecutar tests exitosamente y devolver reporte de éxito"},{"ancestorTitles":["Test Runner Node"],"duration":1,"failureDetails":[],"failureMessages":[],"fullName":"Test Runner Node debería manejar fallos en la suite de tests","invocations":1,"location":null,"numPassingAsserts":3,"retryReasons":[],"status":"passed","title":"debería manejar fallos en la suite de tests"}],"endTime":1777328939156,"message":"","name":"/Users/mauroociappina/Desktop/Agentes Personales/backend/src/tests/test_runner_node.test.ts","startTime":1777328939059,"status":"passed","summary":""},{"assertionResults":[{"ancestorTitles":["Operations Worker Node"],"duration":3,"failureDetails":[],"failureMessages":[],"fullName":"Operations Worker Node debería ejecutar un comando de monitoreo exitosamente","invocations":1,"location":null,"numPassingAsserts":2,"retryReasons":[],"status":"passed","title":"debería ejecutar un comando de monitoreo exitosamente"},{"ancestorTitles":["Operations Worker Node"],"duration":2,"failureDetails":[],"failureMessages":[],"fullName":"Operations Worker Node debería manejar errores de ejecución","invocations":1,"location":null,"numPassingAsserts":2,"retryReasons":[],"status":"passed","title":"debería manejar errores de ejecución"}],"endTime":1777328939269,"message":"","name":"/Users/mauroociappina/Desktop/Agentes Personales/backend/src/tests/operations_worker.test.ts","startTime":1777328939187,"status":"passed","summary":""},{"assertionResults":[{"ancestorTitles":["CodeWriter Tools (fs.ts)","write_file"],"duration":4,"failureDetails":[],"failureMessages":[],"fullName":"CodeWriter Tools (fs.ts) write_file debe crear o sobreescribir el archivo exitosamente","invocations":1,"location":null,"numPassingAsserts":3,"retryReasons":[],"status":"passed","title":"debe crear o sobreescribir el archivo exitosamente"},{"ancestorTitles":["CodeWriter Tools (fs.ts)","patch_file"],"duration":1,"failureDetails":[],"failureMessages":[],"fullName":"CodeWriter Tools (fs.ts) patch_file debe reemplazar el contenido si encuentra target_content exacto","invocations":1,"location":null,"numPassingAsserts":3,"retryReasons":[],"status":"passed","title":"debe reemplazar el contenido si encuentra target_content exacto"},{"ancestorTitles":["CodeWriter Tools (fs.ts)","patch_file"],"duration":0,"failureDetails":[],"failureMessages":[],"fullName":"CodeWriter Tools (fs.ts) patch_file debe arrojar error si el target_content no existe","invocations":1,"location":null,"numPassingAsserts":3,"retryReasons":[],"status":"passed","title":"debe arrojar error si el target_content no existe"}],"endTime":1777328939344,"message":"","name":"/Users/mauroociappina/Desktop/Agentes Personales/backend/src/tests/fs_tools.test.ts","startTime":1777328939272,"status":"passed","summary":""},{"assertionResults":[{"ancestorTitles":["ContextManager"],"duration":3,"failureDetails":[],"failureMessages":[],"fullName":"ContextManager no debe recortar mensajes si el total de tokens es menor al límite","invocations":1,"location":null,"numPassingAsserts":2,"retryReasons":[],"status":"passed","title":"no debe recortar mensajes si el total de tokens es menor al límite"},{"ancestorTitles":["ContextManager"],"duration":1,"failureDetails":[],"failureMessages":[],"fullName":"ContextManager debe recortar mensajes viejos pero mantener el SystemMessage cuando excede el límite","invocations":1,"location":null,"numPassingAsserts":3,"retryReasons":[],"status":"passed","title":"debe recortar mensajes viejos pero mantener el SystemMessage cuando excede el límite"}],"endTime":1777328939419,"message":"","name":"/Users/mauroociappina/Desktop/Agentes Personales/backend/src/tests/context_manager.test.ts","startTime":1777328939352,"status":"passed","summary":""},{"assertionResults":[{"ancestorTitles":["CodeResearcher Helper"],"duration":12,"failureDetails":[],"failureMessages":[],"fullName":"CodeResearcher Helper should list files in the current directory","invocations":1,"location":null,"numPassingAsserts":2,"retryReasons":[],"status":"passed","title":"should list files in the current directory"},{"ancestorTitles":["CodeResearcher Helper"],"duration":1,"failureDetails":[],"failureMessages":[],"fullName":"CodeResearcher Helper should read a specific file","invocations":1,"location":null,"numPassingAsserts":2,"retryReasons":[],"status":"passed","title":"should read a specific file"},{"ancestorTitles":["CodeResearcher Helper"],"duration":22,"failureDetails":[],"failureMessages":[],"fullName":"CodeResearcher Helper should search for a pattern","invocations":1,"location":null,"numPassingAsserts":2,"retryReasons":[],"status":"passed","title":"should search for a pattern"}],"endTime":1777328939491,"message":"","name":"/Users/mauroociappina/Desktop/Agentes Personales/backend/src/tests/code_researcher.test.ts","startTime":1777328939421,"status":"passed","summary":""},{"assertionResults":[{"ancestorTitles":["Git Worker Node"],"duration":4,"failureDetails":[],"failureMessages":[],"fullName":"Git Worker Node debería traducir la acción commit-all correctamente","invocations":1,"location":null,"numPassingAsserts":3,"retryReasons":[],"status":"passed","title":"debería traducir la acción commit-all correctamente"},{"ancestorTitles":["Git Worker Node"],"duration":2,"failureDetails":[],"failureMessages":[],"fullName":"Git Worker Node debería manejar errores de Git correctamente","invocations":1,"location":null,"numPassingAsserts":2,"retryReasons":[],"status":"passed","title":"debería manejar errores de Git correctamente"},{"ancestorTitles":["Git Worker Node"],"duration":2,"failureDetails":[],"failureMessages":[],"fullName":"Git Worker Node debería crear una branch correctamente","invocations":1,"location":null,"numPassingAsserts":2,"retryReasons":[],"status":"passed","title":"debería crear una branch correctamente"}],"endTime":1777328939545,"message":"","name":"/Users/mauroociappina/Desktop/Agentes Personales/backend/src/tests/git_worker.test.ts","startTime":1777328939493,"status":"passed","summary":""},{"assertionResults":[{"ancestorTitles":["TelemetryService Integration Tests"],"duration":13,"failureDetails":[],"failureMessages":[],"fullName":"TelemetryService Integration Tests should calculate cost correctly for a given model","invocations":1,"location":null,"numPassingAsserts":2,"retryReasons":[],"status":"passed","title":"should calculate cost correctly for a given model"},{"ancestorTitles":["TelemetryService Integration Tests"],"duration":1,"failureDetails":[],"failureMessages":[],"fullName":"TelemetryService Integration Tests should persist and aggregate metrics in Redis","invocations":1,"location":null,"numPassingAsserts":7,"retryReasons":[],"status":"passed","title":"should persist and aggregate metrics in Redis"}],"endTime":1777328939596,"message":"","name":"/Users/mauroociappina/Desktop/Agentes Personales/backend/src/tests/telemetry.test.ts","startTime":1777328939550,"status":"passed","summary":""},{"assertionResults":[{"ancestorTitles":["GraphFormatter"],"duration":12,"failureDetails":[],"failureMessages":[],"fullName":"GraphFormatter debería emitir un StreamEvent cuando se detecta is_malicious en el update","invocations":1,"location":null,"numPassingAsserts":2,"retryReasons":[],"status":"passed","title":"debería emitir un StreamEvent cuando se detecta is_malicious en el update"},{"ancestorTitles":["GraphFormatter"],"duration":1,"failureDetails":[],"failureMessages":[],"fullName":"GraphFormatter debería emitir un StreamEvent incluso si is_malicious es false pero hay reporte","invocations":1,"location":null,"numPassingAsserts":2,"retryReasons":[],"status":"passed","title":"debería emitir un StreamEvent incluso si is_malicious es false pero hay reporte"},{"ancestorTitles":["GraphFormatter"],"duration":0,"failureDetails":[],"failureMessages":[],"fullName":"GraphFormatter no debería emitir evento de seguridad si no hay campos correspondientes","invocations":1,"location":null,"numPassingAsserts":1,"retryReasons":[],"status":"passed","title":"no debería emitir evento de seguridad si no hay campos correspondientes"}],"endTime":1777328939641,"message":"","name":"/Users/mauroociappina/Desktop/Agentes Personales/backend/src/tests/graphFormatter.test.ts","startTime":1777328939598,"status":"passed","summary":""},{"assertionResults":[{"ancestorTitles":["OperationsWorkerSchema"],"duration":1,"failureDetails":[],"failureMessages":[],"fullName":"OperationsWorkerSchema debería validar una instrucción de monitoreo válida","invocations":1,"location":null,"numPassingAsserts":1,"retryReasons":[],"status":"passed","title":"debería validar una instrucción de monitoreo válida"},{"ancestorTitles":["OperationsWorkerSchema"],"duration":1,"failureDetails":[],"failureMessages":[],"fullName":"OperationsWorkerSchema debería validar una instrucción de logs con argumentos","invocations":1,"location":null,"numPassingAsserts":1,"retryReasons":[],"status":"passed","title":"debería validar una instrucción de logs con argumentos"},{"ancestorTitles":["OperationsWorkerSchema"],"duration":0,"failureDetails":[],"failureMessages":[],"fullName":"OperationsWorkerSchema debería fallar con un comando no permitido","invocations":1,"location":null,"numPassingAsserts":1,"retryReasons":[],"status":"passed","title":"debería fallar con un comando no permitido"}],"endTime":1777328939684,"message":"","name":"/Users/mauroociappina/Desktop/Agentes Personales/backend/src/tests/operations_contract.test.ts","startTime":1777328939647,"status":"passed","summary":""},{"assertionResults":[{"ancestorTitles":["stateHelper","prepareNodeUpdate"],"duration":1,"failureDetails":[],"failureMessages":[],"fullName":"stateHelper prepareNodeUpdate debe incrementar iteración y acumular costos/tokens correctamente","invocations":1,"location":null,"numPassingAsserts":6,"retryReasons":[],"status":"passed","title":"debe incrementar iteración y acumular costos/tokens correctamente"},{"ancestorTitles":["stateHelper","incrementIteration"],"duration":0,"failureDetails":[],"failureMessages":[],"fullName":"stateHelper incrementIteration debe solo incrementar el contador","invocations":1,"location":null,"numPassingAsserts":2,"retryReasons":[],"status":"passed","title":"debe solo incrementar el contador"}],"endTime":1777328939719,"message":"","name":"/Users/mauroociappina/Desktop/Agentes Personales/backend/src/tests/state_helper.test.ts","startTime":1777328939686,"status":"passed","summary":""},{"assertionResults":[{"ancestorTitles":["safeExec"],"duration":1,"failureDetails":[],"failureMessages":[],"fullName":"safeExec debería retornar el comando docker ps para docker_ps","invocations":1,"location":null,"numPassingAsserts":1,"retryReasons":[],"status":"passed","title":"debería retornar el comando docker ps para docker_ps"},{"ancestorTitles":["safeExec"],"duration":0,"failureDetails":[],"failureMessages":[],"fullName":"safeExec debería retornar logs con argumentos para docker_logs","invocations":1,"location":null,"numPassingAsserts":1,"retryReasons":[],"status":"passed","title":"debería retornar logs con argumentos para docker_logs"},{"ancestorTitles":["safeExec"],"duration":0,"failureDetails":[],"failureMessages":[],"fullName":"safeExec debería retornar npm run build para npm_build","invocations":1,"location":null,"numPassingAsserts":1,"retryReasons":[],"status":"passed","title":"debería retornar npm run build para npm_build"},{"ancestorTitles":["safeExec"],"duration":1,"failureDetails":[],"failureMessages":[],"fullName":"safeExec debería retornar el health check para check_health","invocations":1,"location":null,"numPassingAsserts":1,"retryReasons":[],"status":"passed","title":"debería retornar el health check para check_health"},{"ancestorTitles":["safeExec"],"duration":2,"failureDetails":[],"failureMessages":[],"fullName":"safeExec debería fallar para comandos no permitidos","invocations":1,"location":null,"numPassingAsserts":1,"retryReasons":[],"status":"passed","title":"debería fallar para comandos no permitidos"}],"endTime":1777328939756,"message":"","name":"/Users/mauroociappina/Desktop/Agentes Personales/backend/src/tests/operationsHelper.test.ts","startTime":1777328939721,"status":"passed","summary":""},{"assertionResults":[{"ancestorTitles":["EventBus","publish() with Replay Buffer"],"duration":2,"failureDetails":[],"failureMessages":[],"fullName":"EventBus publish() with Replay Buffer debe escribir en el buffer de Redis (RPUSH + LTRIM + EXPIRE) antes de publicar","invocations":1,"location":null,"numPassingAsserts":4,"retryReasons":[],"status":"passed","title":"debe escribir en el buffer de Redis (RPUSH + LTRIM + EXPIRE) antes de publicar"},{"ancestorTitles":["EventBus","subscribe() with Replay Buffer"],"duration":1,"failureDetails":[],"failureMessages":[],"fullName":"EventBus subscribe() with Replay Buffer debe realizar replay de los eventos del buffer antes de suscribirse al canal","invocations":1,"location":null,"numPassingAsserts":5,"retryReasons":[],"status":"passed","title":"debe realizar replay de los eventos del buffer antes de suscribirse al canal"},{"ancestorTitles":["EventBus","subscribe() with Replay Buffer"],"duration":0,"failureDetails":[],"failureMessages":[],"fullName":"EventBus subscribe() with Replay Buffer no debe llamar a onMessage si el buffer está vacío","invocations":1,"location":null,"numPassingAsserts":2,"retryReasons":[],"status":"passed","title":"no debe llamar a onMessage si el buffer está vacío"},{"ancestorTitles":["EventBus","subscribe() with Replay Buffer"],"duration":1,"failureDetails":[],"failureMessages":[],"fullName":"EventBus subscribe() with Replay Buffer debe aplicar el límite de 500 eventos usando LTRIM","invocations":1,"location":null,"numPassingAsserts":1,"retryReasons":[],"status":"passed","title":"debe aplicar el límite de 500 eventos usando LTRIM"}],"endTime":1777328939793,"message":"","name":"/Users/mauroociappina/Desktop/Agentes Personales/backend/src/tests/eventBus.test.ts","startTime":1777328939758,"status":"passed","summary":""}],"wasInterrupted":false}
